Traceback (most recent call last):
  File "/anaconda3/lib/python3.6/runpy.py", line 193, in _run_module_as_main
    "__main__", mod_spec)
  File "/anaconda3/lib/python3.6/runpy.py", line 85, in _run_code
    exec(code, run_globals)
  File "/Users/yanmeima/workspace/EAST/main/train.py", line 5, in <module>
    import tensorflow as tf
  File "/Users/yanmeima/py3/lib/python3.6/site-packages/tensorflow/__init__.py", line 24, in <module>
    from tensorflow.python import pywrap_tensorflow  # pylint: disable=unused-import
  File "/Users/yanmeima/py3/lib/python3.6/site-packages/tensorflow/python/__init__.py", line 59, in <module>
    from tensorflow.core.framework.graph_pb2 import *
  File "/Users/yanmeima/py3/lib/python3.6/site-packages/tensorflow/core/framework/graph_pb2.py", line 6, in <module>
    from google.protobuf import descriptor as _descriptor
  File "/Users/yanmeima/py3/lib/python3.6/site-packages/google/protobuf/__init__.py", line 37, in <module>
    __import__('pkg_resources').declare_namespace(__name__)
  File "/Users/yanmeima/py3/lib/python3.6/site-packages/pkg_resources/__init__.py", line 82, in <module>
    __import__('pkg_resources.extern.packaging.requirements')
  File "/Users/yanmeima/py3/lib/python3.6/site-packages/pkg_resources/_vendor/packaging/requirements.py", line 9, in <module>
    from pkg_resources.extern.pyparsing import stringStart, stringEnd, originalTextFor, ParseException
  File "<frozen importlib._bootstrap>", line 971, in _find_and_load
  File "<frozen importlib._bootstrap>", line 955, in _find_and_load_unlocked
  File "<frozen importlib._bootstrap>", line 656, in _load_unlocked
  File "<frozen importlib._bootstrap>", line 626, in _load_backward_compatible
  File "/Users/yanmeima/py3/lib/python3.6/site-packages/pkg_resources/extern/__init__.py", line 43, in load_module
    __import__(extant)
  File "/Users/yanmeima/py3/lib/python3.6/site-packages/pkg_resources/_vendor/pyparsing.py", line 5399, in <module>
    class pyparsing_common:
  File "/Users/yanmeima/py3/lib/python3.6/site-packages/pkg_resources/_vendor/pyparsing.py", line 5636, in pyparsing_common
    iso8601_date = Regex(r'(?P<year>\d{4})(?:-(?P<month>\d\d)(?:-(?P<day>\d\d))?)?').setName("ISO8601 date")
  File "/Users/yanmeima/py3/lib/python3.6/site-packages/pkg_resources/_vendor/pyparsing.py", line 2792, in __init__
    self.re = re.compile(self.pattern, self.flags)
  File "/Users/yanmeima/py3/lib/python3.6/re.py", line 233, in compile
    return _compile(pattern, flags)
  File "/Users/yanmeima/py3/lib/python3.6/re.py", line 301, in _compile
    p = sre_compile.compile(pattern, flags)
  File "/Users/yanmeima/py3/lib/python3.6/sre_compile.py", line 562, in compile
    p = sre_parse.parse(p, flags)
  File "/Users/yanmeima/py3/lib/python3.6/sre_parse.py", line 855, in parse
    p = _parse_sub(source, pattern, flags & SRE_FLAG_VERBOSE, 0)
  File "/Users/yanmeima/py3/lib/python3.6/sre_parse.py", line 416, in _parse_sub
    not nested and not items))
  File "/Users/yanmeima/py3/lib/python3.6/sre_parse.py", line 765, in _parse
    p = _parse_sub(source, state, sub_verbose, nested + 1)
  File "/Users/yanmeima/py3/lib/python3.6/sre_parse.py", line 416, in _parse_sub
    not nested and not items))
  File "/Users/yanmeima/py3/lib/python3.6/sre_parse.py", line 765, in _parse
    p = _parse_sub(source, state, sub_verbose, nested + 1)
  File "/Users/yanmeima/py3/lib/python3.6/sre_parse.py", line 416, in _parse_sub
    not nested and not items))
  File "/Users/yanmeima/py3/lib/python3.6/sre_parse.py", line 635, in _parse
    if sourcematch("?"):
  File "/Users/yanmeima/py3/lib/python3.6/sre_parse.py", line 250, in match
    self.__next()
KeyboardInterrupt
